there are 14 files
playing theme #6 , /home/pi/tardisClock/Sounds/Themes/Howell 1980-1985.wav
Its Noon!
The Themes button was pressed
volume is now62
volume is now61
volume is now60
volume is now59
volume is now58
volume is now56
volume is now55
volume is now54
volume is now52
volume is now51
volume is now50
volume is now49
volume is now48
volume is now48
volume is now47
volume is now47
volume is now48
volume is now49
volume is now49
volume is now50
volume is now51
volume is now52
volume is now52
volume is now53
volume is now53
volume is now54
volume is now55
volume is now55
volume is now56
volume is now57
volume is now57
volume is now58
volume is now59
volume is now60
volume is now60
volume is now61
volume is now61
volume is now60
volume is now59
volume is now58
volume is now57
volume is now55
volume is now54
volume is now53
volume is now51
volume is now50
volume is now49
volume is now48
volume is now47
volume is now46
volume is now45
volume is now44
volume is now43
volume is now42
volume is now42
volume is now41
volume is now40
volume is now39
volume is now39
volume is now38
volume is now37
volume is now37
volume is now36
volume is now35
volume is now34
volume is now33
volume is now32
volume is now32
volume is now32
volume is now32
volume is now32
volume is now32
music stopped playing
music stopped playing
10 second Timeout Reached - its dark out.
it has been dark the last 1checks
Active is 0
quietPeriod is 0
meterState is 0
